#
# There is insufficient memory for the Java Runtime Environment to continue.
# Native memory allocation (malloc) failed to allocate 1255296 bytes for Chunk::new
# Possible reasons:
#   The system is out of physical RAM or swap space
#   In 32 bit mode, the process size limit was hit
# Possible solutions:
#   Reduce memory load on the system
#   Increase physical memory or swap space
#   Check if swap backing store is full
#   Use 64 bit Java on a 64 bit OS
#   Decrease Java heap size (-Xmx/-Xms)
#   Decrease number of Java threads
#   Decrease Java thread stack sizes (-Xss)
#   Set larger code cache with -XX:ReservedCodeCacheSize=
# This output file may be truncated or incomplete.
#
#  Out of Memory Error (allocation.cpp:390), pid=188, tid=2544
#
# JRE version: Java(TM) SE Runtime Environment (8.0_91-b14) (build 1.8.0_91-b14)
# Java VM: Java HotSpot(TM) 64-Bit Server VM (25.91-b14 mixed mode windows-amd64 compressed oops)
# Failed to write core dump. Minidumps are not enabled by default on client versions of Windows
#

---------------  T H R E A D  ---------------

Current thread (0x0000000054fae000):  JavaThread "C2 CompilerThread0" daemon [_thread_in_native, id=2544, stack(0x00000000568c0000,0x00000000569c0000)]

Stack: [0x00000000568c0000,0x00000000569c0000]
[error occurred during error reporting (printing stack bounds), id 0xc0000005]

Native frames: (J=compiled Java code, j=interpreted, Vv=VM code, C=native code)


Current CompileTask:
C2:  10576 1392   !   4       com.android.dx.cf.cst.ConstantPoolParser::parse0 (731 bytes)


---------------  P R O C E S S  ---------------

Java Threads: ( => current thread )
  0x0000000056c66000 JavaThread "pool-2-thread-4" [_thread_blocked, id=7692, stack(0x00000000578e0000,0x00000000579e0000)]
  0x0000000056c5e800 JavaThread "pool-2-thread-3" [_thread_blocked, id=1608, stack(0x00000000576f0000,0x00000000577f0000)]
  0x0000000056c5e000 JavaThread "pool-2-thread-2" [_thread_blocked, id=3016, stack(0x0000000057530000,0x0000000057630000)]
  0x0000000056c5b000 JavaThread "pool-3-thread-1" [_thread_blocked, id=2832, stack(0x00000000572b0000,0x00000000573b0000)]
  0x0000000056c57000 JavaThread "pool-2-thread-1" [_thread_blocked, id=4964, stack(0x0000000057400000,0x0000000057500000)]
  0x0000000056a4c000 JavaThread "Service Thread" daemon [_thread_blocked, id=832, stack(0x0000000057170000,0x0000000057270000)]
  0x00000000569c0800 JavaThread "C1 CompilerThread2" daemon [_thread_in_native, id=2448, stack(0x0000000056f30000,0x0000000057030000)]
  0x0000000054fb5800 JavaThread "C2 CompilerThread1" daemon [_thread_in_native, id=2256, stack(0x0000000056740000,0x0000000056840000)]
=>0x0000000054fae000 JavaThread "C2 CompilerThread0" daemon [_thread_in_native, id=2544, stack(0x00000000568c0000,0x00000000569c0000)]
  0x0000000054fbf000 JavaThread "Attach Listener" daemon [_thread_blocked, id=1928, stack(0x0000000055f70000,0x0000000056070000)]
  0x0000000054fbc800 JavaThread "Signal Dispatcher" daemon [_thread_blocked, id=6232, stack(0x0000000056630000,0x0000000056730000)]
  0x0000000054f99000 JavaThread "Finalizer" daemon [_thread_blocked, id=7232, stack(0x0000000056450000,0x0000000056550000)]
  0x0000000054f52000 JavaThread "Reference Handler" daemon [_thread_blocked, id=3080, stack(0x0000000056260000,0x0000000056360000)]
  0x000000000212e000 JavaThread "main" [_thread_in_native, id=2684, stack(0x0000000002380000,0x0000000002480000)]

Other Threads:
  0x0000000054f4a800 VMThread [stack: 0x0000000056080000,0x0000000056180000] [id=6212]
  0x0000000056a76000 WatcherThread [stack: 0x0000000056e10000,0x0000000056f10000] [id=1812]

VM state:not at safepoint (normal execution)

VM Mutex/Monitor currently owned by a thread:  ([mutex/lock_event])
[0x000000000212b560] CodeCache_lock - owner thread: 0x00000000569c0800
[0x000000000212cc10] Compile_lock - owner thread: 0x00000000569c0800

Heap:
 PSYoungGen      total 35328K, used 20629K [0x00000000eab00000, 0x00000000ed000000, 0x0000000100000000)
  eden space 32768K, 55% used [0x00000000eab00000,0x00000000ebca99c8,0x00000000ecb00000)
  from space 2560K, 99% used [0x00000000ecd80000,0x00000000ecffbd08,0x00000000ed000000)
  to   space 2560K, 0% used [0x00000000ecb00000,0x00000000ecb00000,0x00000000ecd80000)
 ParOldGen       total 44032K, used 4185K [0x00000000c0000000, 0x00000000c2b00000, 0x00000000eab00000)
  object space 44032K, 9% used [0x00000000c0000000,0x00000000c0416438,0x00000000c2b00000)
 Metaspace       used 6061K, capacity 7024K, committed 7296K, reserved 1056768K
  class space    used 596K, capacity 616K, committed 640K, reserved 1048576K

Card table byte_map: [0x0000000011b10000,0x0000000011d20000] byte_map_base: 0x0000000011510000

Marking Bits: (ParMarkBitMap*) 0x000000005b532f70
 Begin Bits: [0x00000000123c0000, 0x00000000133c0000)
 End Bits:   [0x00000000133c0000, 0x00000000143c0000)

Polling page: 0x00000000001c0000

CodeCache: size=245760Kb used=5860Kb max_used=5860Kb free=239899Kb
 bounds [0x0000000002750000, 0x0000000002d20000, 0x0000000011750000]
 total_blobs=1660 nmethods=1391 adapters=182
 compilation: enabled

Compilation events (10 events):
Event: 9.504 Thread 0x00000000569c0800 nmethod 1405 0x0000000002cb1110 code [0x0000000002cb1280, 0x0000000002cb14a8]
Event: 9.525 Thread 0x00000000569c0800 1408   !   2       com.android.dx.cf.code.BytecodeArray::parseInstruction (2764 bytes)
Event: 9.549 Thread 0x0000000054fb5800 nmethod 1395 0x0000000002ceb190 code [0x0000000002ceb620, 0x0000000002cec440]
Event: 9.549 Thread 0x0000000054fb5800 1406       4       com.android.dx.rop.type.Type::equals (31 bytes)
Event: 9.550 Thread 0x00000000569c0800 nmethod 1408 0x0000000002ced7d0 code [0x0000000002cee700, 0x0000000002cf4bc8]
Event: 9.550 Thread 0x00000000569c0800 1412       2       com.android.dx.cf.code.ByteOps::opInfo (6 bytes)
Event: 9.550 Thread 0x00000000569c0800 nmethod 1412 0x0000000002cb0d90 code [0x0000000002cb0ee0, 0x0000000002cb1030]
Event: 9.550 Thread 0x00000000569c0800 1409       3       com.android.dx.cf.direct.StdAttributeFactory::code (613 bytes)
Event: 9.551 Thread 0x0000000054fb5800 nmethod 1406 0x0000000002cb0a10 code [0x0000000002cb0b60, 0x0000000002cb0cd8]
Event: 9.551 Thread 0x0000000054fb5800 1403       4       com.android.dx.ssa.SCCP::simulateBranch (666 bytes)

GC Heap History (4 events):
Event: 6.358 GC heap before
{Heap before GC invocations=1 (full 0):
 PSYoungGen      total 18944K, used 16384K [0x00000000eab00000, 0x00000000ec000000, 0x0000000100000000)
  eden space 16384K, 100% used [0x00000000eab00000,0x00000000ebb00000,0x00000000ebb00000)
  from space 2560K, 0% used [0x00000000ebd80000,0x00000000ebd80000,0x00000000ec000000)
  to   space 2560K, 0% used [0x00000000ebb00000,0x00000000ebb00000,0x00000000ebd80000)
 ParOldGen       total 44032K, used 0K [0x00000000c0000000, 0x00000000c2b00000, 0x00000000eab00000)
  object space 44032K, 0% used [0x00000000c0000000,0x00000000c0000000,0x00000000c2b00000)
 Metaspace       used 5679K, capacity 6704K, committed 6784K, reserved 1056768K
  class space    used 592K, capacity 616K, committed 640K, reserved 1048576K
Event: 6.689 GC heap after
Heap after GC invocations=1 (full 0):
 PSYoungGen      total 18944K, used 2528K [0x00000000eab00000, 0x00000000ed000000, 0x0000000100000000)
  eden space 16384K, 0% used [0x00000000eab00000,0x00000000eab00000,0x00000000ebb00000)
  from space 2560K, 98% used [0x00000000ebb00000,0x00000000ebd78248,0x00000000ebd80000)
  to   space 2560K, 0% used [0x00000000ecd80000,0x00000000ecd80000,0x00000000ed000000)
 ParOldGen       total 44032K, used 1920K [0x00000000c0000000, 0x00000000c2b00000, 0x00000000eab00000)
  object space 44032K, 4% used [0x00000000c0000000,0x00000000c01e0198,0x00000000c2b00000)
 Metaspace       used 5679K, capacity 6704K, committed 6784K, reserved 1056768K
  class space    used 592K, capacity 616K, committed 640K, reserved 1048576K
}
Event: 8.081 GC heap before
{Heap before GC invocations=2 (full 0):
 PSYoungGen      total 18944K, used 18912K [0x00000000eab00000, 0x00000000ed000000, 0x0000000100000000)
  eden space 16384K, 100% used [0x00000000eab00000,0x00000000ebb00000,0x00000000ebb00000)
  from space 2560K, 98% used [0x00000000ebb00000,0x00000000ebd78248,0x00000000ebd80000)
  to   space 2560K, 0% used [0x00000000ecd80000,0x00000000ecd80000,0x00000000ed000000)
 ParOldGen       total 44032K, used 1920K [0x00000000c0000000, 0x00000000c2b00000, 0x00000000eab00000)
  object space 44032K, 4% used [0x00000000c0000000,0x00000000c01e0198,0x00000000c2b00000)
 Metaspace       used 5989K, capacity 6960K, committed 7040K, reserved 1056768K
  class space    used 596K, capacity 616K, committed 640K, reserved 1048576K
Event: 8.513 GC heap after
Heap after GC invocations=2 (full 0):
 PSYoungGen      total 35328K, used 2543K [0x00000000eab00000, 0x00000000ed000000, 0x0000000100000000)
  eden space 32768K, 0% used [0x00000000eab00000,0x00000000eab00000,0x00000000ecb00000)
  from space 2560K, 99% used [0x00000000ecd80000,0x00000000ecffbd08,0x00000000ed000000)
  to   space 2560K, 0% used [0x00000000ecb00000,0x00000000ecb00000,0x00000000ecd80000)
 ParOldGen       total 44032K, used 4185K [0x00000000c0000000, 0x00000000c2b00000, 0x00000000eab00000)
  object space 44032K, 9% used [0x00000000c0000000,0x00000000c0416438,0x00000000c2b00000)
 Metaspace       used 5989K, capacity 6960K, committed 7040K, reserved 1056768K
  class space    used 596K, capacity 616K, committed 640K, reserved 1048576K
}

Deoptimization events (10 events):
Event: 8.560 Thread 0x0000000056c5e800 Uncommon trap: reason=class_check action=maybe_recompile pc=0x0000000002982880 method=com.android.dx.ssa.NormalSsaInsn.accept(Lcom/android/dx/ssa/SsaInsn$Visitor;)V @ 9
Event: 8.561 Thread 0x0000000056c5e800 Uncommon trap: reason=class_check action=maybe_recompile pc=0x0000000002982880 method=com.android.dx.ssa.NormalSsaInsn.accept(Lcom/android/dx/ssa/SsaInsn$Visitor;)V @ 9
Event: 8.561 Thread 0x0000000056c5e800 Uncommon trap: reason=class_check action=maybe_recompile pc=0x0000000002982880 method=com.android.dx.ssa.NormalSsaInsn.accept(Lcom/android/dx/ssa/SsaInsn$Visitor;)V @ 9
Event: 8.561 Thread 0x0000000056c5e800 Uncommon trap: reason=class_check action=maybe_recompile pc=0x000000000297d0e0 method=com.android.dx.ssa.NormalSsaInsn.accept(Lcom/android/dx/ssa/SsaInsn$Visitor;)V @ 9
Event: 8.809 Thread 0x0000000056c5e800 Uncommon trap: reason=unstable_if action=reinterpret pc=0x0000000002a1f244 method=com.android.dx.rop.cst.Constant.compareTo(Lcom/android/dx/rop/cst/Constant;)I @ 12
Event: 8.835 Thread 0x0000000056c5e800 Uncommon trap: reason=null_check action=make_not_entrant pc=0x0000000002a35858 method=com.android.dx.rop.type.Type.equals(Ljava/lang/Object;)Z @ 8
Event: 9.521 Thread 0x0000000056c57000 Uncommon trap: reason=bimorphic action=maybe_recompile pc=0x0000000002ccc994 method=com.android.dx.cf.code.BytecodeArray.parseInstruction(ILcom/android/dx/cf/code/BytecodeArray$Visitor;)I @ 907
Event: 9.522 Thread 0x0000000056c57000 Uncommon trap: reason=bimorphic action=maybe_recompile pc=0x0000000002cccec0 method=com.android.dx.cf.code.BytecodeArray.parseInstruction(ILcom/android/dx/cf/code/BytecodeArray$Visitor;)I @ 1224
Event: 9.522 Thread 0x0000000056c57000 Uncommon trap: reason=bimorphic action=maybe_recompile pc=0x0000000002ccca14 method=com.android.dx.cf.code.BytecodeArray.parseInstruction(ILcom/android/dx/cf/code/BytecodeArray$Visitor;)I @ 923
Event: 9.522 Thread 0x0000000056c57000 Uncommon trap: reason=bimorphic action=maybe_recompile pc=0x0000000002cccec0 method=com.android.dx.cf.code.BytecodeArray.parseInstruction(ILcom/android/dx/cf/code/BytecodeArray$Visitor;)I @ 1224

Internal exceptions (3 events):
Event: 1.182 Thread 0x000000000212e000 Exception <a 'java/lang/NoSuchMethodError': Method sun.misc.Unsafe.defineClass(Ljava/lang/String;[BII)Ljava/lang/Class; name or signature does not match> (0x00000000eab07cc0) thrown at [C:\re\workspace\8-2-build-windows-amd64-cygwin\jdk8u91\6644\hotspot\srm½×Yèò?
Event: 1.182 Thread 0x000000000212e000 Exception <a 'java/lang/NoSuchMethodError': Method sun.misc.Unsafe.prefetchRead(Ljava/lang/Object;J)V name or signature does not match> (0x00000000eab07fa8) thrown at [C:\re\workspace\8-2-build-windows-amd64-cygwin\jdk8u91\6644\hotspot\src\share\vm\prims\jXDüÈ««!@
Event: 8.835 Thread 0x0000000056c5e800 Implicit null exception at 0x0000000002a35752 to 0x0000000002a3584a

Events (10 events):
Event: 9.522 Thread 0x0000000056c57000 DEOPT PACKING pc=0x0000000002cccec0 sp=0x00000000574feb40
Event: 9.522 Thread 0x0000000056c57000 DEOPT UNPACKING pc=0x000000000279582a sp=0x00000000574feac8 mode 2
Event: 9.522 Thread 0x0000000056c57000 Uncommon trap: trap_request=0xffffffc6 fr.pc=0x0000000002ccca14
Event: 9.522 Thread 0x0000000056c57000 DEOPT PACKING pc=0x0000000002ccca14 sp=0x00000000574feb40
Event: 9.522 Thread 0x0000000056c57000 DEOPT UNPACKING pc=0x000000000279582a sp=0x00000000574feac8 mode 2
Event: 9.522 Thread 0x0000000056c57000 Uncommon trap: trap_request=0xffffffc6 fr.pc=0x0000000002cccec0
Event: 9.522 Thread 0x0000000056c57000 DEOPT PACKING pc=0x0000000002cccec0 sp=0x00000000574feb40
Event: 9.522 Thread 0x0000000056c57000 DEOPT UNPACKING pc=0x000000000279582a sp=0x00000000574feac8 mode 2
Event: 9.574 loading class com/android/dx/cf/attrib/AttExceptions
Event: 9.574 loading class com/android/dx/cf/attrib/AttExceptions done


Dynamic libraries:
0x000000013f410000 - 0x000000013f447000 	C:\Program Files\Java\jdk1.8.0_91\bin\java.exe
0x0000000076d90000 - 0x0000000076f3a000 	C:\Windows\SYSTEM32\ntdll.dll
0x0000000076b70000 - 0x0000000076c8f000 	C:\Windows\system32\kernel32.dll
0x000007fefcb80000 - 0x000007fefcbea000 	C:\Windows\system32\KERNELBASE.dll
0x000007fefd720000 - 0x000007fefd7fb000 	C:\Windows\system32\ADVAPI32.dll
0x000007feff000000 - 0x000007feff09f000 	C:\Windows\system32\msvcrt.dll
0x000007fefcf10000 - 0x000007fefcf2f000 	C:\Windows\SYSTEM32\sechost.dll
0x000007fefe590000 - 0x000007fefe6bd000 	C:\Windows\system32\RPCRT4.dll
0x0000000076c90000 - 0x0000000076d8a000 	C:\Windows\system32\USER32.dll
0x000007fefed60000 - 0x000007fefedc7000 	C:\Windows\system32\GDI32.dll
0x000007fefd260000 - 0x000007fefd26e000 	C:\Windows\system32\LPK.dll
0x000007fefe6c0000 - 0x000007fefe78a000 	C:\Windows\system32\USP10.dll
0x000007fefb100000 - 0x000007fefb2f4000 	C:\Windows\WinSxS\amd64_microsoft.windows.common-controls_6595b64144ccf1df_6.0.7601.18837_none_fa3b1e3d17594757\COMCTL32.dll
0x000007fefe830000 - 0x000007fefe8a1000 	C:\Windows\system32\SHLWAPI.dll
0x000007fefedd0000 - 0x000007fefedfe000 	C:\Windows\system32\IMM32.DLL
0x000007fefec50000 - 0x000007fefed59000 	C:\Windows\system32\MSCTF.dll
0x000000005cb80000 - 0x000000005cc52000 	C:\Program Files\Java\jdk1.8.0_91\jre\bin\msvcr100.dll
0x000000005ad20000 - 0x000000005b5b3000 	C:\Program Files\Java\jdk1.8.0_91\jre\bin\server\jvm.dll
0x000007fef9de0000 - 0x000007fef9de9000 	C:\Windows\system32\WSOCK32.dll
0x000007fefcea0000 - 0x000007fefceed000 	C:\Windows\system32\WS2_32.dll
0x000007fefce90000 - 0x000007fefce98000 	C:\Windows\system32\NSI.dll
0x000007fef8b00000 - 0x000007fef8b3b000 	C:\Windows\system32\WINMM.dll
0x000007fefbc20000 - 0x000007fefbc2c000 	C:\Windows\system32\VERSION.dll
0x0000000076f50000 - 0x0000000076f57000 	C:\Windows\system32\PSAPI.DLL
0x000000005dd40000 - 0x000000005dd4f000 	C:\Program Files\Java\jdk1.8.0_91\jre\bin\verify.dll
0x000000005be30000 - 0x000000005be59000 	C:\Program Files\Java\jdk1.8.0_91\jre\bin\java.dll
0x000000005be10000 - 0x000000005be26000 	C:\Program Files\Java\jdk1.8.0_91\jre\bin\zip.dll
0x000007fefd800000 - 0x000007fefe58c000 	C:\Windows\system32\SHELL32.dll
0x000007fefe8b0000 - 0x000007fefeab3000 	C:\Windows\system32\ole32.dll
0x000007fefcae0000 - 0x000007fefcaef000 	C:\Windows\system32\profapi.dll

VM Arguments:
jvm_args: -Djava.awt.headless=true -Xmx1024M -Dfile.encoding=windows-1252 -Duser.country=US -Duser.language=en -Duser.variant 
java_command: com.android.dx.command.Main --dex --force-jumbo --num-threads=4 --multi-dex --output D:\Chat\app\build\intermediates\transforms\dex\debug\folders\1000\10\com.android.support-appcompat-v7-23.4.0_35a168fdb08a1fb371461bd7f946f648a7f3216c D:\Chat\app\build\intermediates\exploded-aar\com.android.support\appcompat-v7\23.4.0\jars\classes.jar
java_class_path (initial): D:\Android\build-tools\23.0.1\lib\dx.jar
Launcher Type: SUN_STANDARD

Environment Variables:
JAVA_HOME=C:\Program Files\Java\jdk1.8.0_91
PATH=C:\ProgramData\Oracle\Java\javapath;C:\Windows\system32;C:\Windows;C:\Windows\System32\Wbem;C:\Windows\System32\WindowsPowerShell\v1.0\;C:\Program Files\Git\cmd;C:\Program Files\TortoiseSVN\bin;C:\Program Files (x86)\Brackets\command;C:\Program Files (x86)\Skype\Phone\;C:\Program Files\nodejs\;E:\apache-maven-3.3.9\bin;C:\Program Files\Java\jdk1.8.0_91\bin;C:\Users\jeet\AppData\Roaming\npm
USERNAME=jeet
OS=Windows_NT
PROCESSOR_IDENTIFIER=Intel64 Family 6 Model 69 Stepping 1, GenuineIntel



---------------  S Y S T E M  ---------------

OS: Windows 7 , 64 bit Build 7601 (6.1.7601.23418)

CPU:total 4 (2 cores per cpu, 2 threads per core) family 6 model 69 stepping 1, cmov, cx8, fxsr, mmx, sse, sse2, sse3, ssse3, sse4.1, sse4.2, popcnt, avx, avx2, aes, clmul, erms, lzcnt, ht, tsc, tscinvbit, bmi1, bmi2

Memory: 4k page, physical 4102912k(393400k free), swap 8393248k(161136k free)

vm_info: Java HotSpot(TM) 64-Bit Server VM (25.91-b14) for windows-amd64 JRE (1.8.0_91-b14), built on Apr  1 2016 00:58:32 by "java_re" with MS VC++ 10.0 (VS2010)

time: Thu Jan 05 16:20:34 2017
elapsed time: 11 seconds (0d 0h 0m 11s)

